<?xml version="1.0" encoding="UTF-8"?>
<testsuite name="com.bnp.cservices.database.config.DatabaseInitializerTest" time="0.03" tests="5" errors="0" skipped="0" failures="0">
  <properties>
[...]
</properties>
  <testcase name="flyway_should_check_schema_baseline" classname="com.bnp.cservices.database.config.DatabaseInitializerTest" time="0"/>
  <testcase name="flyway_should_do_schema_baseline" classname="com.bnp.cservices.database.config.DatabaseInitializerTest" time="0.001"/>
  <testcase name="flyway_should_migrate_on_schema_baseline_ok" classname="com.bnp.cservices.database.config.DatabaseInitializerTest" time="0.029"/>
  <testcase name="flyway_should_finish_on_migration_exception" classname="com.bnp.cservices.database.config.DatabaseInitializerTest" time="0"/>
  <testcase name="flyway_should_keep_migration_on_schema_baseline_exception" classname="com.bnp.cservices.database.config.DatabaseInitializerTest" time="0"/>
</testsuite>